** TwitterAuth initialized properly.
  [4;36;1mSQL (0.2ms)[0m   [0;1mSET NAMES 'utf8'[0m
  [4;35;1mSQL (0.1ms)[0m   [0mSET SQL_AUTO_IS_NULL=0[0m
** TwitterAuth initialized properly.
** TwitterAuth initialized properly.
** TwitterAuth initialized properly.
** TwitterAuth initialized properly.
** TwitterAuth initialized properly.
** TwitterAuth initialized properly.
** TwitterAuth initialized properly.
** TwitterAuth initialized properly.
  [4;36;1mSQL (0.2ms)[0m   [0;1mSET NAMES 'utf8'[0m
  [4;35;1mSQL (0.1ms)[0m   [0mSET SQL_AUTO_IS_NULL=0[0m
  [4;36;1mSQL (0.4ms)[0m   [0;1mSHOW TABLES[0m
  [4;35;1mSQL (1.7ms)[0m   [0mCREATE TABLE `schema_migrations` (`version` varchar(255) NOT NULL) ENGINE=InnoDB[0m
  [4;36;1mSQL (43.0ms)[0m   [0;1mCREATE UNIQUE INDEX `unique_schema_migrations` ON `schema_migrations` (`version`)[0m
  [4;35;1mSQL (0.4ms)[0m   [0mSHOW TABLES[0m
  [4;36;1mSQL (0.4ms)[0m   [0;1mSELECT version FROM schema_migrations[0m
Migrating to CreateSessions (20090330053512)
  [4;35;1mSQL (2.0ms)[0m   [0mCREATE TABLE `sessions` (`id` int(11) DEFAULT NULL auto_increment PRIMARY KEY, `session_id` varchar(255) NOT NULL, `data` text, `created_at` datetime, `updated_at` datetime) ENGINE=InnoDB[0m
  [4;36;1mSQL (4.9ms)[0m   [0;1mCREATE INDEX `index_sessions_on_session_id` ON `sessions` (`session_id`)[0m
  [4;35;1mSQL (33.8ms)[0m   [0mCREATE INDEX `index_sessions_on_updated_at` ON `sessions` (`updated_at`)[0m
  [4;36;1mSQL (0.5ms)[0m   [0;1mINSERT INTO schema_migrations (version) VALUES ('20090330053512')[0m
Migrating to TwitterAuthMigration (20090330053710)
  [4;35;1mSQL (21.3ms)[0m   [0mCREATE TABLE `users` (`id` int(11) DEFAULT NULL auto_increment PRIMARY KEY, `login` varchar(255), `access_token` varchar(255), `access_secret` varchar(255), `remember_token` varchar(255), `remember_token_expires_at` datetime, `name` varchar(255), `location` varchar(255), `description` varchar(255), `profile_image_url` varchar(255), `url` varchar(255), `protected` tinyint(1), `profile_background_color` varchar(255), `profile_sidebar_fill_color` varchar(255), `profile_link_color` varchar(255), `profile_sidebar_border_color` varchar(255), `profile_text_color` varchar(255), `profile_background_image_url` varchar(255), `profile_background_tiled` tinyint(1), `friends_count` int(11), `statuses_count` int(11), `followers_count` int(11), `favourites_count` int(11), `utc_offset` int(11), `time_zone` varchar(255), `created_at` datetime, `updated_at` datetime) ENGINE=InnoDB[0m
  [4;36;1mSQL (0.6ms)[0m   [0;1mINSERT INTO schema_migrations (version) VALUES ('20090330053710')[0m
  [4;35;1mSQL (0.6ms)[0m   [0mSHOW TABLES[0m
  [4;36;1mSQL (0.2ms)[0m   [0;1mSELECT version FROM schema_migrations[0m
  [4;35;1mSQL (0.8ms)[0m   [0mSHOW TABLES[0m
  [4;36;1mSQL (2.1ms)[0m   [0;1mSHOW FIELDS FROM `sessions`[0m
  [4;35;1mSQL (1.5ms)[0m   [0mdescribe `sessions`[0m
  [4;36;1mSQL (0.8ms)[0m   [0;1mSHOW KEYS FROM `sessions`[0m
  [4;35;1mSQL (65.2ms)[0m   [0mSHOW FIELDS FROM `users`[0m
  [4;36;1mSQL (2.4ms)[0m   [0;1mdescribe `users`[0m
  [4;35;1mSQL (0.7ms)[0m   [0mSHOW KEYS FROM `users`[0m
** TwitterAuth initialized properly.
  [4;36;1mSQL (0.2ms)[0m   [0;1mSET NAMES 'utf8'[0m
  [4;35;1mSQL (0.1ms)[0m   [0mSET SQL_AUTO_IS_NULL=0[0m
  [4;36;1mSQL (0.6ms)[0m   [0;1mSHOW TABLES[0m
  [4;35;1mSQL (0.2ms)[0m   [0mSELECT version FROM schema_migrations[0m
  [4;36;1mSQL (0.3ms)[0m   [0;1mSHOW TABLES[0m
  [4;35;1mSQL (1.3ms)[0m   [0mSHOW FIELDS FROM `sessions`[0m
  [4;36;1mSQL (1.4ms)[0m   [0;1mdescribe `sessions`[0m
  [4;35;1mSQL (38.5ms)[0m   [0mSHOW KEYS FROM `sessions`[0m
  [4;36;1mSQL (1.9ms)[0m   [0;1mSHOW FIELDS FROM `users`[0m
  [4;35;1mSQL (10.2ms)[0m   [0mdescribe `users`[0m
  [4;36;1mSQL (1.3ms)[0m   [0;1mSHOW KEYS FROM `users`[0m
  [4;35;1mSQL (0.1ms)[0m   [0mSET NAMES 'utf8'[0m
  [4;36;1mSQL (0.1ms)[0m   [0;1mSET SQL_AUTO_IS_NULL=0[0m
  [4;35;1mSQL (0.6ms)[0m   [0mDROP DATABASE IF EXISTS `default_twitter_auth_app_test`[0m
  [4;36;1mSQL (0.4ms)[0m   [0;1mCREATE DATABASE `default_twitter_auth_app_test` DEFAULT CHARACTER SET `utf8`[0m
  [4;35;1mSQL (0.1ms)[0m   [0mSET NAMES 'utf8'[0m
  [4;36;1mSQL (0.1ms)[0m   [0;1mSET SQL_AUTO_IS_NULL=0[0m
  [4;35;1mSQL (0.3ms)[0m   [0mSHOW TABLES[0m
  [4;36;1mSQL (1.7ms)[0m   [0;1mCREATE TABLE `sessions` (`id` int(11) DEFAULT NULL auto_increment PRIMARY KEY, `session_id` varchar(255) NOT NULL, `data` text, `created_at` datetime, `updated_at` datetime) ENGINE=InnoDB[0m
  [4;35;1mSQL (4.9ms)[0m   [0mCREATE INDEX `index_sessions_on_session_id` ON `sessions` (`session_id`)[0m
  [4;36;1mSQL (43.0ms)[0m   [0;1mCREATE INDEX `index_sessions_on_updated_at` ON `sessions` (`updated_at`)[0m
  [4;35;1mSQL (0.4ms)[0m   [0mSHOW TABLES[0m
  [4;36;1mSQL (8.0ms)[0m   [0;1mCREATE TABLE `users` (`id` int(11) DEFAULT NULL auto_increment PRIMARY KEY, `login` varchar(255), `access_token` varchar(255), `access_secret` varchar(255), `remember_token` varchar(255), `remember_token_expires_at` datetime, `name` varchar(255), `location` varchar(255), `description` varchar(255), `profile_image_url` varchar(255), `url` varchar(255), `protected` tinyint(1), `profile_background_color` varchar(255), `profile_sidebar_fill_color` varchar(255), `profile_link_color` varchar(255), `profile_sidebar_border_color` varchar(255), `profile_text_color` varchar(255), `profile_background_image_url` varchar(255), `profile_background_tiled` tinyint(1), `friends_count` int(11), `statuses_count` int(11), `followers_count` int(11), `favourites_count` int(11), `utc_offset` int(11), `time_zone` varchar(255), `created_at` datetime, `updated_at` datetime) ENGINE=InnoDB[0m
  [4;35;1mSQL (0.4ms)[0m   [0mSHOW TABLES[0m
  [4;36;1mSQL (1.5ms)[0m   [0;1mCREATE TABLE `schema_migrations` (`version` varchar(255) NOT NULL) ENGINE=InnoDB[0m
  [4;35;1mSQL (9.5ms)[0m   [0mCREATE UNIQUE INDEX `unique_schema_migrations` ON `schema_migrations` (`version`)[0m
  [4;36;1mSQL (0.4ms)[0m   [0;1mSHOW TABLES[0m
  [4;35;1mSQL (0.3ms)[0m   [0mSELECT version FROM `schema_migrations`[0m
  [4;36;1mSQL (5.3ms)[0m   [0;1mINSERT INTO `schema_migrations` (version) VALUES ('20090330053710')[0m
  [4;35;1mSQL (0.6ms)[0m   [0mINSERT INTO `schema_migrations` (version) VALUES ('20090330053512')[0m
